[study_gva]2023/11/30 - 09:57:27.636	[34minfo[0m	G:/yanghao/code/github_code/gin-vue-admin/study_gva/initialize/gorm_mysql.go:18	=========== GormMysql
[study_gva]2023/11/30 - 09:57:27.906	[34minfo[0m	G:/yanghao/code/github_code/gin-vue-admin/study_gva/initialize/gorm_mysql.go:33	=========== GormMysql:db
[study_gva]2023/11/30 - 09:57:27.906	[34minfo[0m	G:/yanghao/code/github_code/gin-vue-admin/study_gva/main.go:28	============ main
[study_gva]2023/11/30 - 09:57:27.907	[34minfo[0m	G:/yanghao/code/github_code/gin-vue-admin/study_gva/initialize/gorm.go:37	1111111111111- &{%!s(*gorm.Config=&{false { false <nil> false 0} false 0xc000144480 0x123e140 false false false true false false false false 0 false map[ON CONFLICT:0x123d7a0 VALUES:0x123de20] 0xc0000532b0 0xc00008c500 map[] 0xc00008c510 0xc000ce6400}) <nil> %!s(int64=0) %!s(*gorm.Statement=&{0xc000cf1170 <nil>  <nil> false <nil> {<nil> <nil> 0} map[] [] false [] [] [] map[] {{0 0} {[] {} <nil>} map[] 0} 0xc0000532b0 <nil> {{}} false false {<nil> []} [] 0 [] [] []}) %!s(int=1)}
[study_gva]2023/11/30 - 09:57:29.245	[34minfo[0m	G:/yanghao/code/github_code/gin-vue-admin/study_gva/initialize/gorm.go:65	register table success
[study_gva]2023/11/30 - 09:57:29.248	[34minfo[0m	G:/yanghao/code/github_code/gin-vue-admin/study_gva/initialize/router.go:51	register swagger handler
[study_gva]2023/11/30 - 09:57:29.250	[34minfo[0m	G:/yanghao/code/github_code/gin-vue-admin/study_gva/initialize/router.go:77	router register success
[study_gva]2023/11/30 - 09:57:29.255	[34minfo[0m	G:/yanghao/code/github_code/gin-vue-admin/study_gva/core/server.go:39	server run success on 	{"address": ":8822"}
[study_gva]2023/11/30 - 09:57:53.348	[34minfo[0m	G:/yanghao/code/github_code/gin-vue-admin/study_gva/service/system/sys_casbin.go:29	-------- Casbin:1
[study_gva]2023/11/30 - 09:57:53.360	[34minfo[0m	G:/yanghao/code/github_code/gin-vue-admin/study_gva/service/system/sys_casbin.go:31	-------- Casbin:2
[study_gva]2023/11/30 - 09:57:53.364	[34minfo[0m	G:/yanghao/code/github_code/gin-vue-admin/study_gva/api/v1/system/sys_menu.go:19	GetMenu======
[study_gva]2023/11/30 - 09:57:53.416	[34minfo[0m	G:/yanghao/code/github_code/gin-vue-admin/study_gva/api/v1/system/sys_user.go:286	GetUserInfo---------------:
[study_gva]2023/11/30 - 10:11:08.179	[34minfo[0m	G:/yanghao/code/github_code/gin-vue-admin/study_gva/initialize/gorm_mysql.go:18	=========== GormMysql
[study_gva]2023/11/30 - 10:11:08.210	[34minfo[0m	G:/yanghao/code/github_code/gin-vue-admin/study_gva/initialize/gorm_mysql.go:33	=========== GormMysql:db
[study_gva]2023/11/30 - 10:11:08.210	[34minfo[0m	G:/yanghao/code/github_code/gin-vue-admin/study_gva/main.go:28	============ main
[study_gva]2023/11/30 - 10:11:08.210	[34minfo[0m	G:/yanghao/code/github_code/gin-vue-admin/study_gva/initialize/gorm.go:37	1111111111111- &{%!s(*gorm.Config=&{false { false <nil> false 0} false 0xc0009ce1b0 0x135e380 false false false true false false false false 0 false map[ON CONFLICT:0x135d9e0 VALUES:0x135e060] 0xc000a74270 0xc00008ca10 map[] 0xc00008ca20 0xc000bc78c0}) <nil> %!s(int64=0) %!s(*gorm.Statement=&{0xc000c373e0 <nil>  <nil> false <nil> {<nil> <nil> 0} map[] [] false [] [] [] map[] {{0 0} {[] {} <nil>} map[] 0} 0xc000a74270 <nil> {{}} false false {<nil> []} [] 0 [] [] []}) %!s(int=1)}
[study_gva]2023/11/30 - 10:11:08.558	[34minfo[0m	G:/yanghao/code/github_code/gin-vue-admin/study_gva/initialize/gorm.go:65	register table success
[study_gva]2023/11/30 - 10:11:08.559	[34minfo[0m	G:/yanghao/code/github_code/gin-vue-admin/study_gva/initialize/router.go:51	register swagger handler
[study_gva]2023/11/30 - 10:11:08.561	[34minfo[0m	G:/yanghao/code/github_code/gin-vue-admin/study_gva/initialize/router.go:77	router register success
[study_gva]2023/11/30 - 10:11:08.562	[34minfo[0m	G:/yanghao/code/github_code/gin-vue-admin/study_gva/core/server.go:39	server run success on 	{"address": ":8822"}
[study_gva]2023/11/30 - 10:11:25.059	[34minfo[0m	G:/yanghao/code/github_code/gin-vue-admin/study_gva/service/system/sys_casbin.go:29	-------- Casbin:1
[study_gva]2023/11/30 - 10:11:25.071	[34minfo[0m	G:/yanghao/code/github_code/gin-vue-admin/study_gva/service/system/sys_casbin.go:31	-------- Casbin:2
[study_gva]2023/11/30 - 10:19:08.859	[34minfo[0m	G:/yanghao/code/github_code/gin-vue-admin/study_gva/initialize/gorm_mysql.go:18	=========== GormMysql
[study_gva]2023/11/30 - 10:19:08.919	[34minfo[0m	G:/yanghao/code/github_code/gin-vue-admin/study_gva/initialize/gorm_mysql.go:33	=========== GormMysql:db
[study_gva]2023/11/30 - 10:19:08.919	[34minfo[0m	G:/yanghao/code/github_code/gin-vue-admin/study_gva/main.go:28	============ main
[study_gva]2023/11/30 - 10:19:08.920	[34minfo[0m	G:/yanghao/code/github_code/gin-vue-admin/study_gva/initialize/gorm.go:37	1111111111111- &{%!s(*gorm.Config=&{false { false <nil> false 0} false 0xc0009ac1b0 0xd9e3c0 false false false true false false false false 0 false map[ON CONFLICT:0xd9da20 VALUES:0xd9e0a0] 0xc000a64750 0xc000c1a5d8 map[] 0xc000c1a5e8 0xc000bb2b40}) <nil> %!s(int64=0) %!s(*gorm.Statement=&{0xc000c55620 <nil>  <nil> false <nil> {<nil> <nil> 0} map[] [] false [] [] [] map[] {{0 0} {[] {} <nil>} map[] 0} 0xc000a64750 <nil> {{}} false false {<nil> []} [] 0 [] [] []}) %!s(int=1)}
[study_gva]2023/11/30 - 10:19:09.818	[34minfo[0m	G:/yanghao/code/github_code/gin-vue-admin/study_gva/initialize/gorm.go:65	register table success
[study_gva]2023/11/30 - 10:19:09.820	[34minfo[0m	G:/yanghao/code/github_code/gin-vue-admin/study_gva/initialize/router.go:51	register swagger handler
[study_gva]2023/11/30 - 10:19:09.822	[34minfo[0m	G:/yanghao/code/github_code/gin-vue-admin/study_gva/initialize/router.go:77	router register success
[study_gva]2023/11/30 - 10:19:09.829	[34minfo[0m	G:/yanghao/code/github_code/gin-vue-admin/study_gva/core/server.go:39	server run success on 	{"address": ":8822"}
[study_gva]2023/11/30 - 10:20:47.737	[34minfo[0m	G:/yanghao/code/github_code/gin-vue-admin/study_gva/service/system/sys_casbin.go:29	-------- Casbin:1
[study_gva]2023/11/30 - 10:20:47.750	[34minfo[0m	G:/yanghao/code/github_code/gin-vue-admin/study_gva/service/system/sys_casbin.go:31	-------- Casbin:2
[study_gva]2023/11/30 - 10:40:31.121	[34minfo[0m	G:/yanghao/code/github_code/gin-vue-admin/study_gva/initialize/gorm_mysql.go:18	=========== GormMysql
[study_gva]2023/11/30 - 10:40:31.151	[34minfo[0m	G:/yanghao/code/github_code/gin-vue-admin/study_gva/initialize/gorm_mysql.go:33	=========== GormMysql:db
[study_gva]2023/11/30 - 10:40:31.151	[34minfo[0m	G:/yanghao/code/github_code/gin-vue-admin/study_gva/main.go:28	============ main
[study_gva]2023/11/30 - 10:40:31.151	[34minfo[0m	G:/yanghao/code/github_code/gin-vue-admin/study_gva/initialize/gorm.go:37	1111111111111- &{%!s(*gorm.Config=&{false { false <nil> false 0} false 0xc0009261b0 0x19be3c0 false false false true false false false false 0 false map[ON CONFLICT:0x19bda20 VALUES:0x19be0a0] 0xc0009d6410 0xc00008c9f0 map[] 0xc00008ca00 0xc000b65820}) <nil> %!s(int64=0) %!s(*gorm.Statement=&{0xc000bcd4a0 <nil>  <nil> false <nil> {<nil> <nil> 0} map[] [] false [] [] [] map[] {{0 0} {[] {} <nil>} map[] 0} 0xc0009d6410 <nil> {{}} false false {<nil> []} [] 0 [] [] []}) %!s(int=1)}
[study_gva]2023/11/30 - 10:40:31.445	[34minfo[0m	G:/yanghao/code/github_code/gin-vue-admin/study_gva/initialize/gorm.go:65	register table success
[study_gva]2023/11/30 - 10:40:31.447	[34minfo[0m	G:/yanghao/code/github_code/gin-vue-admin/study_gva/initialize/router.go:51	register swagger handler
[study_gva]2023/11/30 - 10:40:31.449	[34minfo[0m	G:/yanghao/code/github_code/gin-vue-admin/study_gva/initialize/router.go:77	router register success
[study_gva]2023/11/30 - 10:40:31.464	[34minfo[0m	G:/yanghao/code/github_code/gin-vue-admin/study_gva/core/server.go:39	server run success on 	{"address": ":8822"}
[study_gva]2023/11/30 - 10:40:34.544	[34minfo[0m	G:/yanghao/code/github_code/gin-vue-admin/study_gva/service/system/sys_casbin.go:43	-------- Casbin:1
[study_gva]2023/11/30 - 10:40:34.557	[34minfo[0m	G:/yanghao/code/github_code/gin-vue-admin/study_gva/service/system/sys_casbin.go:45	-------- Casbin:2
[study_gva]2023/11/30 - 10:55:50.754	[34minfo[0m	G:/yanghao/code/github_code/gin-vue-admin/study_gva/initialize/gorm_mysql.go:18	=========== GormMysql
[study_gva]2023/11/30 - 10:55:50.783	[34minfo[0m	G:/yanghao/code/github_code/gin-vue-admin/study_gva/initialize/gorm_mysql.go:33	=========== GormMysql:db
[study_gva]2023/11/30 - 10:55:50.783	[34minfo[0m	G:/yanghao/code/github_code/gin-vue-admin/study_gva/main.go:28	============ main
[study_gva]2023/11/30 - 10:55:50.784	[34minfo[0m	G:/yanghao/code/github_code/gin-vue-admin/study_gva/initialize/gorm.go:37	1111111111111- &{%!s(*gorm.Config=&{false { false <nil> false 0} false 0xc000a3c1b0 0xf3e3c0 false false false true false false false false 0 false map[ON CONFLICT:0xf3da20 VALUES:0xf3e0a0] 0xc000ab84e0 0xc00013c5b8 map[] 0xc00013c5c8 0xc000bc4b00}) <nil> %!s(int64=0) %!s(*gorm.Statement=&{0xc000c33680 <nil>  <nil> false <nil> {<nil> <nil> 0} map[] [] false [] [] [] map[] {{0 0} {[] {} <nil>} map[] 0} 0xc000ab84e0 <nil> {{}} false false {<nil> []} [] 0 [] [] []}) %!s(int=1)}
[study_gva]2023/11/30 - 10:55:51.094	[34minfo[0m	G:/yanghao/code/github_code/gin-vue-admin/study_gva/initialize/gorm.go:65	register table success
[study_gva]2023/11/30 - 10:55:51.096	[34minfo[0m	G:/yanghao/code/github_code/gin-vue-admin/study_gva/initialize/router.go:51	register swagger handler
[study_gva]2023/11/30 - 10:55:51.098	[34minfo[0m	G:/yanghao/code/github_code/gin-vue-admin/study_gva/initialize/router.go:77	router register success
[study_gva]2023/11/30 - 10:55:51.113	[34minfo[0m	G:/yanghao/code/github_code/gin-vue-admin/study_gva/core/server.go:39	server run success on 	{"address": ":8822"}
[study_gva]2023/11/30 - 11:00:36.283	[34minfo[0m	G:/yanghao/code/github_code/gin-vue-admin/study_gva/service/system/sys_casbin.go:43	-------- Casbin:1
[study_gva]2023/11/30 - 11:00:36.295	[34minfo[0m	G:/yanghao/code/github_code/gin-vue-admin/study_gva/service/system/sys_casbin.go:45	-------- Casbin:2
[study_gva]2023/11/30 - 11:00:36.299	[34minfo[0m	G:/yanghao/code/github_code/gin-vue-admin/study_gva/api/v1/system/sys_menu.go:19	GetMenu======
[study_gva]2023/11/30 - 11:00:36.351	[34minfo[0m	G:/yanghao/code/github_code/gin-vue-admin/study_gva/api/v1/system/sys_user.go:286	GetUserInfo---------------:
[study_gva]2023/11/30 - 11:01:16.932	[34minfo[0m	G:/yanghao/code/github_code/gin-vue-admin/study_gva/initialize/gorm_mysql.go:18	=========== GormMysql
[study_gva]2023/11/30 - 11:01:16.961	[34minfo[0m	G:/yanghao/code/github_code/gin-vue-admin/study_gva/initialize/gorm_mysql.go:33	=========== GormMysql:db
[study_gva]2023/11/30 - 11:01:16.961	[34minfo[0m	G:/yanghao/code/github_code/gin-vue-admin/study_gva/main.go:28	============ main
[study_gva]2023/11/30 - 11:01:16.961	[34minfo[0m	G:/yanghao/code/github_code/gin-vue-admin/study_gva/initialize/gorm.go:37	1111111111111- &{%!s(*gorm.Config=&{false { false <nil> false 0} false 0xc000a38120 0x183e3c0 false false false true false false false false 0 false map[ON CONFLICT:0x183da20 VALUES:0x183e0a0] 0xc000ac84e0 0xc0003ca5b8 map[] 0xc0003ca5c8 0xc000bbab20}) <nil> %!s(int64=0) %!s(*gorm.Statement=&{0xc000c2d4d0 <nil>  <nil> false <nil> {<nil> <nil> 0} map[] [] false [] [] [] map[] {{0 0} {[] {} <nil>} map[] 0} 0xc000ac84e0 <nil> {{}} false false {<nil> []} [] 0 [] [] []}) %!s(int=1)}
[study_gva]2023/11/30 - 11:01:17.250	[34minfo[0m	G:/yanghao/code/github_code/gin-vue-admin/study_gva/initialize/gorm.go:65	register table success
[study_gva]2023/11/30 - 11:01:17.252	[34minfo[0m	G:/yanghao/code/github_code/gin-vue-admin/study_gva/initialize/router.go:51	register swagger handler
[study_gva]2023/11/30 - 11:01:17.254	[34minfo[0m	G:/yanghao/code/github_code/gin-vue-admin/study_gva/initialize/router.go:77	router register success
[study_gva]2023/11/30 - 11:01:17.257	[34minfo[0m	G:/yanghao/code/github_code/gin-vue-admin/study_gva/core/server.go:39	server run success on 	{"address": ":8822"}
[study_gva]2023/11/30 - 11:01:21.053	[34minfo[0m	G:/yanghao/code/github_code/gin-vue-admin/study_gva/service/system/sys_casbin.go:43	-------- Casbin:1
[study_gva]2023/11/30 - 11:01:21.065	[34minfo[0m	G:/yanghao/code/github_code/gin-vue-admin/study_gva/service/system/sys_casbin.go:45	-------- Casbin:2
[study_gva]2023/11/30 - 11:17:41.752	[34minfo[0m	G:/yanghao/code/github_code/gin-vue-admin/study_gva/initialize/gorm_mysql.go:18	=========== GormMysql
[study_gva]2023/11/30 - 11:17:41.780	[34minfo[0m	G:/yanghao/code/github_code/gin-vue-admin/study_gva/initialize/gorm_mysql.go:33	=========== GormMysql:db
[study_gva]2023/11/30 - 11:17:41.780	[34minfo[0m	G:/yanghao/code/github_code/gin-vue-admin/study_gva/main.go:28	============ main
[study_gva]2023/11/30 - 11:17:41.781	[34minfo[0m	G:/yanghao/code/github_code/gin-vue-admin/study_gva/initialize/gorm.go:37	1111111111111- &{%!s(*gorm.Config=&{false { false <nil> false 0} false 0xc000a0c120 0x143e3c0 false false false true false false false false 0 false map[ON CONFLICT:0x143da20 VALUES:0x143e0a0] 0xc000ad05b0 0xc0001365b8 map[] 0xc0001365c8 0xc000bc8b00}) <nil> %!s(int64=0) %!s(*gorm.Statement=&{0xc000c354a0 <nil>  <nil> false <nil> {<nil> <nil> 0} map[] [] false [] [] [] map[] {{0 0} {[] {} <nil>} map[] 0} 0xc000ad05b0 <nil> {{}} false false {<nil> []} [] 0 [] [] []}) %!s(int=1)}
[study_gva]2023/11/30 - 11:17:42.110	[34minfo[0m	G:/yanghao/code/github_code/gin-vue-admin/study_gva/initialize/gorm.go:65	register table success
[study_gva]2023/11/30 - 11:17:42.112	[34minfo[0m	G:/yanghao/code/github_code/gin-vue-admin/study_gva/initialize/router.go:51	register swagger handler
[study_gva]2023/11/30 - 11:17:42.114	[34minfo[0m	G:/yanghao/code/github_code/gin-vue-admin/study_gva/initialize/router.go:77	router register success
[study_gva]2023/11/30 - 11:17:42.125	[34minfo[0m	G:/yanghao/code/github_code/gin-vue-admin/study_gva/core/server.go:39	server run success on 	{"address": ":8822"}
[study_gva]2023/11/30 - 11:17:44.131	[34minfo[0m	G:/yanghao/code/github_code/gin-vue-admin/study_gva/service/system/sys_casbin.go:43	-------- Casbin:1
[study_gva]2023/11/30 - 11:17:44.145	[34minfo[0m	G:/yanghao/code/github_code/gin-vue-admin/study_gva/service/system/sys_casbin.go:45	-------- Casbin:2
[study_gva]2023/11/30 - 11:25:32.364	[34minfo[0m	G:/yanghao/code/github_code/gin-vue-admin/study_gva/initialize/gorm_mysql.go:18	=========== GormMysql
[study_gva]2023/11/30 - 11:25:32.394	[34minfo[0m	G:/yanghao/code/github_code/gin-vue-admin/study_gva/initialize/gorm_mysql.go:33	=========== GormMysql:db
[study_gva]2023/11/30 - 11:25:32.394	[34minfo[0m	G:/yanghao/code/github_code/gin-vue-admin/study_gva/main.go:28	============ main
[study_gva]2023/11/30 - 11:25:32.394	[34minfo[0m	G:/yanghao/code/github_code/gin-vue-admin/study_gva/initialize/gorm.go:37	1111111111111- &{%!s(*gorm.Config=&{false { false <nil> false 0} false 0xc000476120 0x13be3c0 false false false true false false false false 0 false map[ON CONFLICT:0x13bda20 VALUES:0x13be0a0] 0xc000a54410 0xc00008c9f0 map[] 0xc00008ca00 0xc000bdcb00}) <nil> %!s(int64=0) %!s(*gorm.Statement=&{0xc000c4d500 <nil>  <nil> false <nil> {<nil> <nil> 0} map[] [] false [] [] [] map[] {{0 0} {[] {} <nil>} map[] 0} 0xc000a54410 <nil> {{}} false false {<nil> []} [] 0 [] [] []}) %!s(int=1)}
[study_gva]2023/11/30 - 11:25:32.699	[34minfo[0m	G:/yanghao/code/github_code/gin-vue-admin/study_gva/initialize/gorm.go:65	register table success
[study_gva]2023/11/30 - 11:25:32.701	[34minfo[0m	G:/yanghao/code/github_code/gin-vue-admin/study_gva/initialize/router.go:51	register swagger handler
[study_gva]2023/11/30 - 11:25:32.704	[34minfo[0m	G:/yanghao/code/github_code/gin-vue-admin/study_gva/initialize/router.go:77	router register success
[study_gva]2023/11/30 - 11:25:32.720	[34minfo[0m	G:/yanghao/code/github_code/gin-vue-admin/study_gva/core/server.go:39	server run success on 	{"address": ":8822"}
[study_gva]2023/11/30 - 11:25:43.232	[34minfo[0m	G:/yanghao/code/github_code/gin-vue-admin/study_gva/service/system/sys_casbin.go:43	-------- Casbin:1
[study_gva]2023/11/30 - 11:25:43.244	[34minfo[0m	G:/yanghao/code/github_code/gin-vue-admin/study_gva/service/system/sys_casbin.go:45	-------- Casbin:2
[study_gva]2023/11/30 - 11:26:35.531	[34minfo[0m	G:/yanghao/code/github_code/gin-vue-admin/study_gva/service/system/sys_user.go:66	----------- GetUserInfoList ------------
[study_gva]2023/11/30 - 11:26:35.536	[34minfo[0m	G:/yanghao/code/github_code/gin-vue-admin/study_gva/service/system/sys_user.go:68	----------- GetUserInfoList ------------
[study_gva]2023/11/30 - 11:26:43.224	[34minfo[0m	G:/yanghao/code/github_code/gin-vue-admin/study_gva/api/v1/system/sys_menu.go:19	GetMenu======
[study_gva]2023/11/30 - 11:26:43.279	[34minfo[0m	G:/yanghao/code/github_code/gin-vue-admin/study_gva/api/v1/system/sys_user.go:286	GetUserInfo---------------:
[study_gva]2023/11/30 - 11:26:43.575	[34minfo[0m	G:/yanghao/code/github_code/gin-vue-admin/study_gva/service/system/sys_user.go:66	----------- GetUserInfoList ------------
[study_gva]2023/11/30 - 11:26:43.580	[34minfo[0m	G:/yanghao/code/github_code/gin-vue-admin/study_gva/service/system/sys_user.go:68	----------- GetUserInfoList ------------
[study_gva]2023/11/30 - 11:26:45.330	[34minfo[0m	G:/yanghao/code/github_code/gin-vue-admin/study_gva/service/system/sys_user.go:66	----------- GetUserInfoList ------------
[study_gva]2023/11/30 - 11:26:45.335	[34minfo[0m	G:/yanghao/code/github_code/gin-vue-admin/study_gva/service/system/sys_user.go:68	----------- GetUserInfoList ------------
[study_gva]2023/11/30 - 11:26:48.716	[34minfo[0m	G:/yanghao/code/github_code/gin-vue-admin/study_gva/service/system/sys_user.go:66	----------- GetUserInfoList ------------
[study_gva]2023/11/30 - 11:26:48.721	[34minfo[0m	G:/yanghao/code/github_code/gin-vue-admin/study_gva/service/system/sys_user.go:68	----------- GetUserInfoList ------------
[study_gva]2023/11/30 - 11:26:49.819	[34minfo[0m	G:/yanghao/code/github_code/gin-vue-admin/study_gva/service/system/sys_user.go:66	----------- GetUserInfoList ------------
[study_gva]2023/11/30 - 11:26:49.824	[34minfo[0m	G:/yanghao/code/github_code/gin-vue-admin/study_gva/service/system/sys_user.go:68	----------- GetUserInfoList ------------
[study_gva]2023/11/30 - 11:27:00.180	[34minfo[0m	G:/yanghao/code/github_code/gin-vue-admin/study_gva/service/system/sys_user.go:66	----------- GetUserInfoList ------------
[study_gva]2023/11/30 - 11:27:00.185	[34minfo[0m	G:/yanghao/code/github_code/gin-vue-admin/study_gva/service/system/sys_user.go:68	----------- GetUserInfoList ------------
