[study_gva]2023/11/14 - 16:14:32.452	[31merror[0m	G:/yanghao/code/github_code/gin-vue-admin/study_gva/api/v1/system/sys_initdb.go:31	è‡ªåŠ¨åˆ›å»ºæ•°æ®åº“å¤±è´¥!	{"error": "æ— å¯ç”¨åˆå§‹åŒ–è¿‡ç¨‹ï¼Œè¯·æ£€æŸ¥åˆå§‹åŒ–æ˜¯å¦å·²æ‰§è¡Œå®Œæˆ"}
[study_gva]2023/11/14 - 16:15:03.053	[31merror[0m	G:/yanghao/code/github_code/gin-vue-admin/study_gva/api/v1/system/sys_initdb.go:31	è‡ªåŠ¨åˆ›å»ºæ•°æ®åº“å¤±è´¥!	{"error": "æ— å¯ç”¨åˆå§‹åŒ–è¿‡ç¨‹ï¼Œè¯·æ£€æŸ¥åˆå§‹åŒ–æ˜¯å¦å·²æ‰§è¡Œå®Œæˆ"}
[study_gva]2023/11/14 - 16:16:53.901	[31merror[0m	G:/yanghao/code/github_code/gin-vue-admin/study_gva/api/v1/system/sys_initdb.go:31	è‡ªåŠ¨åˆ›å»ºæ•°æ®åº“å¤±è´¥!	{"error": "æ— å¯ç”¨åˆå§‹åŒ–è¿‡ç¨‹ï¼Œè¯·æ£€æŸ¥åˆå§‹åŒ–æ˜¯å¦å·²æ‰§è¡Œå®Œæˆ"}
[study_gva]2023/11/14 - 16:17:06.240	[31merror[0m	G:/yanghao/code/github_code/gin-vue-admin/study_gva/api/v1/system/sys_initdb.go:31	è‡ªåŠ¨åˆ›å»ºæ•°æ®åº“å¤±è´¥!	{"error": "æ— å¯ç”¨åˆå§‹åŒ–è¿‡ç¨‹ï¼Œè¯·æ£€æŸ¥åˆå§‹åŒ–æ˜¯å¦å·²æ‰§è¡Œå®Œæˆ"}
[study_gva]2023/11/14 - 16:18:34.798	[31merror[0m	G:/yanghao/code/github_code/gin-vue-admin/study_gva/api/v1/system/sys_initdb.go:31	è‡ªåŠ¨åˆ›å»ºæ•°æ®åº“å¤±è´¥!	{"error": "æ— å¯ç”¨åˆå§‹åŒ–è¿‡ç¨‹ï¼Œè¯·æ£€æŸ¥åˆå§‹åŒ–æ˜¯å¦å·²æ‰§è¡Œå®Œæˆ"}
[study_gva]2023/11/14 - 16:21:55.621	[31merror[0m	G:/yanghao/code/github_code/gin-vue-admin/study_gva/api/v1/system/sys_initdb.go:31	è‡ªåŠ¨åˆ›å»ºæ•°æ®åº“å¤±è´¥!	{"error": "æ— å¯ç”¨åˆå§‹åŒ–è¿‡ç¨‹ï¼Œè¯·æ£€æŸ¥åˆå§‹åŒ–æ˜¯å¦å·²æ‰§è¡Œå®Œæˆ"}
[study_gva]2023/11/14 - 16:22:26.972	[31merror[0m	G:/yanghao/code/github_code/gin-vue-admin/study_gva/api/v1/system/sys_initdb.go:31	è‡ªåŠ¨åˆ›å»ºæ•°æ®åº“å¤±è´¥!	{"error": "æ— å¯ç”¨åˆå§‹åŒ–è¿‡ç¨‹ï¼Œè¯·æ£€æŸ¥åˆå§‹åŒ–æ˜¯å¦å·²æ‰§è¡Œå®Œæˆ"}
[study_gva]2023/11/14 - 16:35:40.642	[31merror[0m	G:/yanghao/code/github_code/gin-vue-admin/study_gva/api/v1/system/sys_initdb.go:31	è‡ªåŠ¨åˆ›å»ºæ•°æ®åº“å¤±è´¥!	{"error": "æ— å¯ç”¨åˆå§‹åŒ–è¿‡ç¨‹ï¼Œè¯·æ£€æŸ¥åˆå§‹åŒ–æ˜¯å¦å·²æ‰§è¡Œå®Œæˆ"}
[study_gva]2023/11/14 - 16:38:40.971	[31merror[0m	G:/yanghao/code/github_code/gin-vue-admin/study_gva/api/v1/system/sys_initdb.go:31	è‡ªåŠ¨åˆ›å»ºæ•°æ®åº“å¤±è´¥!	{"error": "æ— å¯ç”¨åˆå§‹åŒ–è¿‡ç¨‹ï¼Œè¯·æ£€æŸ¥åˆå§‹åŒ–æ˜¯å¦å·²æ‰§è¡Œå®Œæˆ"}
[study_gva]2023/11/14 - 16:40:26.225	[31merror[0m	G:/yanghao/code/github_code/gin-vue-admin/study_gva/api/v1/system/sys_initdb.go:31	è‡ªåŠ¨åˆ›å»ºæ•°æ®åº“å¤±è´¥!	{"error": "æ— å¯ç”¨åˆå§‹åŒ–è¿‡ç¨‹ï¼Œè¯·æ£€æŸ¥åˆå§‹åŒ–æ˜¯å¦å·²æ‰§è¡Œå®Œæˆ"}
[study_gva]2023/11/14 - 16:46:26.728	[31merror[0m	G:/yanghao/code/github_code/gin-vue-admin/study_gva/api/v1/system/sys_initdb.go:31	è‡ªåŠ¨åˆ›å»ºæ•°æ®åº“å¤±è´¥!	{"error": "æ— å¯ç”¨åˆå§‹åŒ–è¿‡ç¨‹ï¼Œè¯·æ£€æŸ¥åˆå§‹åŒ–æ˜¯å¦å·²æ‰§è¡Œå®Œæˆ"}
[study_gva]2023/11/14 - 16:47:21.912	[31merror[0m	G:/yanghao/code/github_code/gin-vue-admin/study_gva/api/v1/system/sys_initdb.go:31	è‡ªåŠ¨åˆ›å»ºæ•°æ®åº“å¤±è´¥!	{"error": "æ— å¯ç”¨åˆå§‹åŒ–è¿‡ç¨‹ï¼Œè¯·æ£€æŸ¥åˆå§‹åŒ–æ˜¯å¦å·²æ‰§è¡Œå®Œæˆ"}
[study_gva]2023/11/14 - 17:42:46.589	[31merror[0m	G:/yanghao/code/github_code/gin-vue-admin/study_gva/core/server.go:46	listen tcp :8822: bind: Only one usage of each socket address (protocol/network address/port) is normally permitted.
[study_gva]2023/11/14 - 17:43:43.866	[31merror[0m	G:/yanghao/code/github_code/gin-vue-admin/study_gva/core/server.go:46	listen tcp :8822: bind: Only one usage of each socket address (protocol/network address/port) is normally permitted.
[study_gva]2023/11/14 - 17:48:03.887	[31merror[0m	G:/yanghao/code/github_code/gin-vue-admin/study_gva/api/v1/system/sys_initdb.go:33	è‡ªåŠ¨åˆ›å»ºæ•°æ®åº“å¤±è´¥!	{"error": "æ— å¯ç”¨åˆå§‹åŒ–è¿‡ç¨‹ï¼Œè¯·æ£€æŸ¥åˆå§‹åŒ–æ˜¯å¦å·²æ‰§è¡Œå®Œæˆ"}
[study_gva]2023/11/14 - 17:48:17.205	[31merror[0m	G:/yanghao/code/github_code/gin-vue-admin/study_gva/api/v1/system/sys_initdb.go:33	è‡ªåŠ¨åˆ›å»ºæ•°æ®åº“å¤±è´¥!	{"error": "æ— å¯ç”¨åˆå§‹åŒ–è¿‡ç¨‹ï¼Œè¯·æ£€æŸ¥åˆå§‹åŒ–æ˜¯å¦å·²æ‰§è¡Œå®Œæˆ"}
[study_gva]2023/11/14 - 17:48:18.110	[31merror[0m	G:/yanghao/code/github_code/gin-vue-admin/study_gva/api/v1/system/sys_initdb.go:33	è‡ªåŠ¨åˆ›å»ºæ•°æ®åº“å¤±è´¥!	{"error": "æ— å¯ç”¨åˆå§‹åŒ–è¿‡ç¨‹ï¼Œè¯·æ£€æŸ¥åˆå§‹åŒ–æ˜¯å¦å·²æ‰§è¡Œå®Œæˆ"}
[study_gva]2023/11/14 - 18:26:10.936	[31merror[0m	G:/yanghao/code/github_code/gin-vue-admin/study_gva/api/v1/system/sys_initdb.go:33	è‡ªåŠ¨åˆ›å»ºæ•°æ®åº“å¤±è´¥!	{"error": "db type mismatch"}
[study_gva]2023/11/14 - 18:26:40.153	[31merror[0m	G:/yanghao/code/github_code/gin-vue-admin/study_gva/api/v1/system/sys_initdb.go:33	è‡ªåŠ¨åˆ›å»ºæ•°æ®åº“å¤±è´¥!	{"error": "db type mismatch"}
[study_gva]2023/11/14 - 18:28:10.317	[31merror[0m	G:/yanghao/code/github_code/gin-vue-admin/study_gva/api/v1/system/sys_initdb.go:33	è‡ªåŠ¨åˆ›å»ºæ•°æ®åº“å¤±è´¥!	{"error": "db type mismatch"}
[study_gva]2023/11/14 - 18:29:38.424	[31merror[0m	G:/yanghao/code/github_code/gin-vue-admin/study_gva/api/v1/system/sys_initdb.go:33	è‡ªåŠ¨åˆ›å»ºæ•°æ®åº“å¤±è´¥!	{"error": "db type mismatch"}
[study_gva]2023/11/14 - 18:32:32.233	[31merror[0m	G:/yanghao/code/github_code/gin-vue-admin/study_gva/api/v1/system/sys_initdb.go:33	è‡ªåŠ¨åˆ›å»ºæ•°æ®åº“å¤±è´¥!	{"error": "db type mismatch"}
[study_gva]2023/11/14 - 18:34:00.180	[31merror[0m	G:/yanghao/code/github_code/gin-vue-admin/study_gva/api/v1/system/sys_initdb.go:33	è‡ªåŠ¨åˆ›å»ºæ•°æ®åº“å¤±è´¥!	{"error": "Error 1045 (28000): Access denied for user 'root'@'localhost' (using password: NO)"}
[study_gva]2023/11/14 - 18:34:17.541	[31merror[0m	G:/yanghao/code/github_code/gin-vue-admin/study_gva/api/v1/system/sys_initdb.go:33	è‡ªåŠ¨åˆ›å»ºæ•°æ®åº“å¤±è´¥!	{"error": "Error 1064 (42000): You have an error in your SQL syntax; check the manual that corresponds to your MySQL server version for the right syntax to use near 'EXISTS `%!S(string=test_gva002)` DEFAULT CHARACTER SET utf9mb4 DEFAULT COLLATE u' at line 1"}
[study_gva]2023/11/14 - 18:36:17.081	[31merror[0m	G:/yanghao/code/github_code/gin-vue-admin/study_gva/api/v1/system/sys_initdb.go:33	è‡ªåŠ¨åˆ›å»ºæ•°æ®åº“å¤±è´¥!	{"error": "Error 1049 (42000): Unknown database 'test_gva002'"}
[study_gva]2023/11/14 - 18:36:34.139	[31merror[0m	G:/yanghao/code/github_code/gin-vue-admin/study_gva/api/v1/system/sys_initdb.go:33	è‡ªåŠ¨åˆ›å»ºæ•°æ®åº“å¤±è´¥!	{"error": "Error 1049 (42000): Unknown database 'test_gva0021'"}
[study_gva]2023/11/14 - 18:38:04.818	[31merror[0m	G:/yanghao/code/github_code/gin-vue-admin/study_gva/core/server.go:46	listen tcp :8822: bind: Only one usage of each socket address (protocol/network address/port) is normally permitted.
[study_gva]2023/11/14 - 18:38:06.971	[31merror[0m	G:/yanghao/code/github_code/gin-vue-admin/study_gva/core/server.go:46	listen tcp :8822: bind: Only one usage of each socket address (protocol/network address/port) is normally permitted.
[study_gva]2023/11/14 - 18:38:11.670	[31merror[0m	G:/yanghao/code/github_code/gin-vue-admin/study_gva/core/server.go:46	listen tcp :8822: bind: Only one usage of each socket address (protocol/network address/port) is normally permitted.
[study_gva]2023/11/14 - 18:38:29.834	[31merror[0m	G:/yanghao/code/github_code/gin-vue-admin/study_gva/core/server.go:46	listen tcp :8822: bind: Only one usage of each socket address (protocol/network address/port) is normally permitted.
[study_gva]2023/11/14 - 18:39:21.019	[31merror[0m	G:/yanghao/code/github_code/gin-vue-admin/study_gva/api/v1/system/sys_initdb.go:33	è‡ªåŠ¨åˆ›å»ºæ•°æ®åº“å¤±è´¥!	{"error": "Error 1049 (42000): Unknown database 'test_gva0021'"}
[study_gva]2023/11/14 - 18:42:48.254	[31merror[0m	G:/yanghao/code/github_code/gin-vue-admin/study_gva/api/v1/system/sys_initdb.go:33	è‡ªåŠ¨åˆ›å»ºæ•°æ®åº“å¤±è´¥!	{"error": "Error 1049 (42000): Unknown database 'test_gva002'"}
[study_gva]2023/11/14 - 18:43:14.072	[31merror[0m	G:/yanghao/code/github_code/gin-vue-admin/study_gva/api/v1/system/sys_initdb.go:33	è‡ªåŠ¨åˆ›å»ºæ•°æ®åº“å¤±è´¥!	{"error": "Error 1049 (42000): Unknown database 'test_gva0021'"}
[study_gva]2023/11/14 - 18:43:40.701	[31merror[0m	G:/yanghao/code/github_code/gin-vue-admin/study_gva/api/v1/system/sys_initdb.go:33	è‡ªåŠ¨åˆ›å»ºæ•°æ®åº“å¤±è´¥!	{"error": "Error 1049 (42000): Unknown database 'test_gva0021'"}
[study_gva]2023/11/14 - 18:47:07.976	[31merror[0m	G:/yanghao/code/github_code/gin-vue-admin/study_gva/api/v1/system/sys_initdb.go:33	è‡ªåŠ¨åˆ›å»ºæ•°æ®åº“å¤±è´¥!	{"error": "Error 1049 (42000): Unknown database 'test_gva0021'"}
[study_gva]2023/11/14 - 18:47:14.936	[31merror[0m	G:/yanghao/code/github_code/gin-vue-admin/study_gva/api/v1/system/sys_initdb.go:33	è‡ªåŠ¨åˆ›å»ºæ•°æ®åº“å¤±è´¥!	{"error": "Error 1049 (42000): Unknown database 'test_gva0021'"}
[study_gva]2023/11/14 - 18:48:29.939	[31merror[0m	G:/yanghao/code/github_code/gin-vue-admin/study_gva/api/v1/system/sys_initdb.go:33	è‡ªåŠ¨åˆ›å»ºæ•°æ®åº“å¤±è´¥!	{"error": "Error 1049 (42000): Unknown database 'test_gva002'"}
