[study_gva]2023/11/15 - 16:20:36.928	[34minfo[0m	G:/yanghao/code/github_code/gin-vue-admin/study_gva/initialize/router.go:50	register swagger handler
[study_gva]2023/11/15 - 16:20:36.934	[34minfo[0m	G:/yanghao/code/github_code/gin-vue-admin/study_gva/initialize/router.go:64	router register success
[study_gva]2023/11/15 - 16:20:36.951	[34minfo[0m	G:/yanghao/code/github_code/gin-vue-admin/study_gva/core/server.go:39	server run success on 	{"address": ":8822"}
[study_gva]2023/11/15 - 16:20:54.025	[34minfo[0m	G:/yanghao/code/github_code/gin-vue-admin/study_gva/api/v1/system/sys_initdb.go:44	======= CheckDB===== 
[study_gva]2023/11/15 - 16:20:54.025	[34minfo[0m	G:/yanghao/code/github_code/gin-vue-admin/study_gva/api/v1/system/sys_initdb.go:54	前往初始化数据库
[study_gva]2023/11/15 - 16:21:18.304	[34minfo[0m	G:/yanghao/code/github_code/gin-vue-admin/study_gva/api/v1/system/sys_initdb.go:19	======= InitDB===== 
[study_gva]2023/11/15 - 16:21:37.049	[34minfo[0m	G:/yanghao/code/github_code/gin-vue-admin/study_gva/api/v1/system/sys_initdb.go:19	======= InitDB===== 
[study_gva]2023/11/15 - 16:30:21.280	[34minfo[0m	G:/yanghao/code/github_code/gin-vue-admin/study_gva/api/v1/system/sys_initdb.go:19	======= InitDB===== 
[study_gva]2023/11/15 - 16:39:46.309	[34minfo[0m	G:/yanghao/code/github_code/gin-vue-admin/study_gva/initialize/router.go:50	register swagger handler
[study_gva]2023/11/15 - 16:39:46.363	[34minfo[0m	G:/yanghao/code/github_code/gin-vue-admin/study_gva/initialize/router.go:64	router register success
[study_gva]2023/11/15 - 16:39:46.368	[34minfo[0m	G:/yanghao/code/github_code/gin-vue-admin/study_gva/core/server.go:39	server run success on 	{"address": ":8822"}
[study_gva]2023/11/15 - 16:40:03.887	[34minfo[0m	G:/yanghao/code/github_code/gin-vue-admin/study_gva/api/v1/system/sys_initdb.go:19	======= InitDB===== 
[study_gva]2023/11/15 - 16:40:23.879	[34minfo[0m	G:/yanghao/code/github_code/gin-vue-admin/study_gva/api/v1/system/sys_initdb.go:19	======= InitDB===== 
[study_gva]2023/11/15 - 16:40:27.934	[34minfo[0m	G:/yanghao/code/github_code/gin-vue-admin/study_gva/api/v1/system/sys_initdb.go:19	======= InitDB===== 
[study_gva]2023/11/15 - 16:40:49.517	[34minfo[0m	G:/yanghao/code/github_code/gin-vue-admin/study_gva/initialize/router.go:50	register swagger handler
[study_gva]2023/11/15 - 16:40:49.523	[34minfo[0m	G:/yanghao/code/github_code/gin-vue-admin/study_gva/initialize/router.go:64	router register success
[study_gva]2023/11/15 - 16:40:49.534	[34minfo[0m	G:/yanghao/code/github_code/gin-vue-admin/study_gva/core/server.go:39	server run success on 	{"address": ":8822"}
[study_gva]2023/11/15 - 16:43:31.291	[34minfo[0m	G:/yanghao/code/github_code/gin-vue-admin/study_gva/initialize/router.go:50	register swagger handler
[study_gva]2023/11/15 - 16:43:31.296	[34minfo[0m	G:/yanghao/code/github_code/gin-vue-admin/study_gva/initialize/router.go:64	router register success
[study_gva]2023/11/15 - 16:43:31.302	[34minfo[0m	G:/yanghao/code/github_code/gin-vue-admin/study_gva/core/server.go:39	server run success on 	{"address": ":8822"}
[study_gva]2023/11/15 - 16:45:55.072	[34minfo[0m	G:/yanghao/code/github_code/gin-vue-admin/study_gva/api/v1/system/sys_initdb.go:19	======= InitDB===== 
[study_gva]2023/11/15 - 17:19:25.802	[34minfo[0m	G:/yanghao/code/github_code/gin-vue-admin/study_gva/initialize/router.go:50	register swagger handler
[study_gva]2023/11/15 - 17:19:25.808	[34minfo[0m	G:/yanghao/code/github_code/gin-vue-admin/study_gva/initialize/router.go:64	router register success
[study_gva]2023/11/15 - 17:19:25.819	[34minfo[0m	G:/yanghao/code/github_code/gin-vue-admin/study_gva/core/server.go:39	server run success on 	{"address": ":8822"}
[study_gva]2023/11/15 - 17:19:31.028	[34minfo[0m	G:/yanghao/code/github_code/gin-vue-admin/study_gva/api/v1/system/sys_initdb.go:19	======= InitDB===== 
[study_gva]2023/11/15 - 17:25:58.113	[34minfo[0m	G:/yanghao/code/github_code/gin-vue-admin/study_gva/initialize/router.go:50	register swagger handler
[study_gva]2023/11/15 - 17:25:58.119	[34minfo[0m	G:/yanghao/code/github_code/gin-vue-admin/study_gva/initialize/router.go:64	router register success
[study_gva]2023/11/15 - 17:25:58.130	[34minfo[0m	G:/yanghao/code/github_code/gin-vue-admin/study_gva/core/server.go:39	server run success on 	{"address": ":8822"}
[study_gva]2023/11/15 - 17:26:30.134	[34minfo[0m	G:/yanghao/code/github_code/gin-vue-admin/study_gva/api/v1/system/sys_captcha.go:24	==== Captcha ===
[study_gva]2023/11/15 - 17:26:31.272	[34minfo[0m	G:/yanghao/code/github_code/gin-vue-admin/study_gva/api/v1/system/sys_initdb.go:44	======= CheckDB===== 
[study_gva]2023/11/15 - 17:26:31.272	[34minfo[0m	G:/yanghao/code/github_code/gin-vue-admin/study_gva/api/v1/system/sys_initdb.go:54	前往初始化数据库
[study_gva]2023/11/15 - 17:26:47.076	[34minfo[0m	G:/yanghao/code/github_code/gin-vue-admin/study_gva/api/v1/system/sys_initdb.go:19	======= InitDB===== 
[study_gva]2023/11/15 - 17:31:01.682	[34minfo[0m	G:/yanghao/code/github_code/gin-vue-admin/study_gva/api/v1/system/sys_initdb.go:19	======= InitDB===== 
[study_gva]2023/11/15 - 17:34:37.468	[34minfo[0m	G:/yanghao/code/github_code/gin-vue-admin/study_gva/initialize/router.go:50	register swagger handler
[study_gva]2023/11/15 - 17:34:37.474	[34minfo[0m	G:/yanghao/code/github_code/gin-vue-admin/study_gva/initialize/router.go:64	router register success
[study_gva]2023/11/15 - 17:34:37.475	[34minfo[0m	G:/yanghao/code/github_code/gin-vue-admin/study_gva/core/server.go:39	server run success on 	{"address": ":8822"}
[study_gva]2023/11/15 - 17:34:40.155	[34minfo[0m	G:/yanghao/code/github_code/gin-vue-admin/study_gva/api/v1/system/sys_initdb.go:19	======= InitDB===== 
[study_gva]2023/11/15 - 17:34:49.177	[34minfo[0m	G:/yanghao/code/github_code/gin-vue-admin/study_gva/api/v1/system/sys_initdb.go:19	======= InitDB===== 
[study_gva]2023/11/15 - 17:34:52.118	[34minfo[0m	G:/yanghao/code/github_code/gin-vue-admin/study_gva/api/v1/system/sys_initdb.go:19	======= InitDB===== 
[study_gva]2023/11/15 - 17:35:08.077	[34minfo[0m	G:/yanghao/code/github_code/gin-vue-admin/study_gva/api/v1/system/sys_initdb.go:19	======= InitDB===== 
[study_gva]2023/11/15 - 17:35:33.940	[34minfo[0m	G:/yanghao/code/github_code/gin-vue-admin/study_gva/api/v1/system/sys_initdb.go:19	======= InitDB===== 
[study_gva]2023/11/15 - 17:36:12.598	[34minfo[0m	G:/yanghao/code/github_code/gin-vue-admin/study_gva/initialize/router.go:50	register swagger handler
[study_gva]2023/11/15 - 17:36:12.603	[34minfo[0m	G:/yanghao/code/github_code/gin-vue-admin/study_gva/initialize/router.go:64	router register success
[study_gva]2023/11/15 - 17:36:12.616	[34minfo[0m	G:/yanghao/code/github_code/gin-vue-admin/study_gva/core/server.go:39	server run success on 	{"address": ":8822"}
[study_gva]2023/11/15 - 17:36:19.836	[34minfo[0m	G:/yanghao/code/github_code/gin-vue-admin/study_gva/api/v1/system/sys_initdb.go:19	======= InitDB===== 
[study_gva]2023/11/15 - 17:36:40.485	[34minfo[0m	G:/yanghao/code/github_code/gin-vue-admin/study_gva/api/v1/system/sys_initdb.go:19	======= InitDB===== 
[study_gva]2023/11/15 - 17:38:20.818	[34minfo[0m	G:/yanghao/code/github_code/gin-vue-admin/study_gva/initialize/router.go:50	register swagger handler
[study_gva]2023/11/15 - 17:38:20.824	[34minfo[0m	G:/yanghao/code/github_code/gin-vue-admin/study_gva/initialize/router.go:64	router register success
[study_gva]2023/11/15 - 17:38:20.837	[34minfo[0m	G:/yanghao/code/github_code/gin-vue-admin/study_gva/core/server.go:39	server run success on 	{"address": ":8822"}
[study_gva]2023/11/15 - 17:39:14.279	[34minfo[0m	G:/yanghao/code/github_code/gin-vue-admin/study_gva/api/v1/system/sys_initdb.go:19	======= InitDB===== 
[study_gva]2023/11/15 - 17:39:19.254	[34minfo[0m	G:/yanghao/code/github_code/gin-vue-admin/study_gva/api/v1/system/sys_captcha.go:24	==== Captcha ===
[study_gva]2023/11/15 - 17:40:20.288	[34minfo[0m	G:/yanghao/code/github_code/gin-vue-admin/study_gva/initialize/router.go:50	register swagger handler
[study_gva]2023/11/15 - 17:40:20.294	[34minfo[0m	G:/yanghao/code/github_code/gin-vue-admin/study_gva/initialize/router.go:64	router register success
[study_gva]2023/11/15 - 17:40:20.302	[34minfo[0m	G:/yanghao/code/github_code/gin-vue-admin/study_gva/core/server.go:39	server run success on 	{"address": ":8822"}
[study_gva]2023/11/15 - 17:59:28.115	[34minfo[0m	G:/yanghao/code/github_code/gin-vue-admin/study_gva/initialize/router.go:50	register swagger handler
[study_gva]2023/11/15 - 17:59:28.150	[34minfo[0m	G:/yanghao/code/github_code/gin-vue-admin/study_gva/initialize/router.go:64	router register success
[study_gva]2023/11/15 - 17:59:28.152	[34minfo[0m	G:/yanghao/code/github_code/gin-vue-admin/study_gva/core/server.go:39	server run success on 	{"address": ":8822"}
