[study_gva]2023/11/22 - 11:22:24.200	[34minfo[0m	G:/yanghao/code/github_code/gin-vue-admin/study_gva/initialize/gorm_mysql.go:18	=========== GormMysql
[study_gva]2023/11/22 - 11:22:24.743	[34minfo[0m	G:/yanghao/code/github_code/gin-vue-admin/study_gva/initialize/gorm_mysql.go:33	=========== GormMysql:db
[study_gva]2023/11/22 - 11:22:24.743	[34minfo[0m	G:/yanghao/code/github_code/gin-vue-admin/study_gva/main.go:21	============ main
[study_gva]2023/11/22 - 11:22:24.744	[34minfo[0m	G:/yanghao/code/github_code/gin-vue-admin/study_gva/initialize/gorm.go:37	1111111111111- &{%!s(*gorm.Config=&{false { false <nil> false 0} false 0xc0009c8240 0xfdd460 false false false true false false false false 0 false map[ON CONFLICT:0xfdcac0 VALUES:0xfdd140] 0xc000a54680 0xc00008a9f8 map[] 0xc00008aa08 0xc000beb8a0}) <nil> %!s(int64=0) %!s(*gorm.Statement=&{0xc000c51500 <nil>  <nil> false <nil> {<nil> <nil> 0} map[] [] false [] [] [] map[] {{0 0} {[] {} <nil>} map[] 0} 0xc000a54680 <nil> {{}} false false {<nil> []} [] 0 [] [] []}) %!s(int=1)}
[study_gva]2023/11/22 - 11:22:25.361	[34minfo[0m	G:/yanghao/code/github_code/gin-vue-admin/study_gva/initialize/gorm.go:65	register table success
[study_gva]2023/11/22 - 11:22:25.363	[34minfo[0m	G:/yanghao/code/github_code/gin-vue-admin/study_gva/initialize/router.go:51	register swagger handler
[study_gva]2023/11/22 - 11:22:25.364	[34minfo[0m	G:/yanghao/code/github_code/gin-vue-admin/study_gva/initialize/router.go:74	router register success
[study_gva]2023/11/22 - 11:22:25.366	[34minfo[0m	G:/yanghao/code/github_code/gin-vue-admin/study_gva/core/server.go:39	server run success on 	{"address": ":8822"}
[study_gva]2023/11/22 - 11:24:35.796	[34minfo[0m	G:/yanghao/code/github_code/gin-vue-admin/study_gva/api/v1/system/sys_captcha.go:24	==== Captcha ===
[study_gva]2023/11/22 - 11:25:04.200	[34minfo[0m	G:/yanghao/code/github_code/gin-vue-admin/study_gva/api/v1/system/sys_captcha.go:24	==== Captcha ===
[study_gva]2023/11/22 - 11:25:08.646	[34minfo[0m	G:/yanghao/code/github_code/gin-vue-admin/study_gva/service/system/sys_casbin.go:29	-------- Casbin:1
[study_gva]2023/11/22 - 11:25:08.659	[34minfo[0m	G:/yanghao/code/github_code/gin-vue-admin/study_gva/service/system/sys_casbin.go:31	-------- Casbin:2
[study_gva]2023/11/22 - 11:25:08.666	[34minfo[0m	G:/yanghao/code/github_code/gin-vue-admin/study_gva/api/v1/system/sys_menu.go:19	GetMenu======
[study_gva]2023/11/22 - 11:25:38.174	[34minfo[0m	G:/yanghao/code/github_code/gin-vue-admin/study_gva/api/v1/system/sys_menu.go:19	GetMenu======
[study_gva]2023/11/22 - 11:25:38.257	[34minfo[0m	G:/yanghao/code/github_code/gin-vue-admin/study_gva/api/v1/system/sys_user.go:129	GetUserInfo---------------:
[study_gva]2023/11/22 - 16:39:37.883	[34minfo[0m	G:/yanghao/code/github_code/gin-vue-admin/study_gva/initialize/gorm_mysql.go:18	=========== GormMysql
[study_gva]2023/11/22 - 16:39:37.913	[34minfo[0m	G:/yanghao/code/github_code/gin-vue-admin/study_gva/initialize/gorm_mysql.go:33	=========== GormMysql:db
[study_gva]2023/11/22 - 16:39:37.913	[34minfo[0m	G:/yanghao/code/github_code/gin-vue-admin/study_gva/main.go:21	============ main
[study_gva]2023/11/22 - 16:39:37.914	[34minfo[0m	G:/yanghao/code/github_code/gin-vue-admin/study_gva/initialize/gorm.go:37	1111111111111- &{%!s(*gorm.Config=&{false { false <nil> false 0} false 0xc000a22240 0x154d460 false false false true false false false false 0 false map[ON CONFLICT:0x154cac0 VALUES:0x154d140] 0xc000a9a340 0xc000b205d8 map[] 0xc000b205e8 0xc000b72b60}) <nil> %!s(int64=0) %!s(*gorm.Statement=&{0xc000bdd8c0 <nil>  <nil> false <nil> {<nil> <nil> 0} map[] [] false [] [] [] map[] {{0 0} {[] {} <nil>} map[] 0} 0xc000a9a340 <nil> {{}} false false {<nil> []} [] 0 [] [] []}) %!s(int=1)}
[study_gva]2023/11/22 - 16:39:38.287	[34minfo[0m	G:/yanghao/code/github_code/gin-vue-admin/study_gva/initialize/gorm.go:65	register table success
[study_gva]2023/11/22 - 16:39:38.289	[34minfo[0m	G:/yanghao/code/github_code/gin-vue-admin/study_gva/initialize/router.go:51	register swagger handler
[study_gva]2023/11/22 - 16:39:38.291	[34minfo[0m	G:/yanghao/code/github_code/gin-vue-admin/study_gva/initialize/router.go:74	router register success
[study_gva]2023/11/22 - 16:39:38.305	[34minfo[0m	G:/yanghao/code/github_code/gin-vue-admin/study_gva/core/server.go:39	server run success on 	{"address": ":8822"}
[study_gva]2023/11/22 - 16:40:40.155	[34minfo[0m	G:/yanghao/code/github_code/gin-vue-admin/study_gva/service/system/sys_casbin.go:29	-------- Casbin:1
[study_gva]2023/11/22 - 16:40:40.167	[34minfo[0m	G:/yanghao/code/github_code/gin-vue-admin/study_gva/service/system/sys_casbin.go:31	-------- Casbin:2
